0 info it worked if it ends with ok
1 verbose cli [ '/usr/local/bin/node',
1 verbose cli   '/usr/local/bin/npm',
1 verbose cli   'run',
1 verbose cli   'jasmine-node' ]
2 info using npm@3.10.8
3 info using node@v6.9.1
4 verbose run-script [ 'prejasmine-node', 'jasmine-node', 'postjasmine-node' ]
5 info lifecycle liars-dice@1.0.0~prejasmine-node: liars-dice@1.0.0
6 silly lifecycle liars-dice@1.0.0~prejasmine-node: no script for prejasmine-node, continuing
7 info lifecycle liars-dice@1.0.0~jasmine-node: liars-dice@1.0.0
8 verbose lifecycle liars-dice@1.0.0~jasmine-node: unsafe-perm in lifecycle true
9 verbose lifecycle liars-dice@1.0.0~jasmine-node: PATH: /usr/local/lib/node_modules/npm/bin/node-gyp-bin:/Users/adisivasankaran/Documents/Developer/experiments/liars-dice/node_modules/.bin:/usr/local/heroku/bin:/usr/bin:/bin:/usr/sbin:/sbin:/Users/adisivasankaran/.rvm/bin:/Users/adisivasankaran/bin:/usr/local/bin
10 verbose lifecycle liars-dice@1.0.0~jasmine-node: CWD: /Users/adisivasankaran/Documents/Developer/experiments/liars-dice
11 silly lifecycle liars-dice@1.0.0~jasmine-node: Args: [ '-c', 'jasmine-node --verbose spec' ]
12 silly lifecycle liars-dice@1.0.0~jasmine-node: Returned: code: 1  signal: null
13 info lifecycle liars-dice@1.0.0~jasmine-node: Failed to exec jasmine-node script
14 verbose stack Error: liars-dice@1.0.0 jasmine-node: `jasmine-node --verbose spec`
14 verbose stack Exit status 1
14 verbose stack     at EventEmitter.<anonymous> (/usr/local/lib/node_modules/npm/lib/utils/lifecycle.js:255:16)
14 verbose stack     at emitTwo (events.js:106:13)
14 verbose stack     at EventEmitter.emit (events.js:191:7)
14 verbose stack     at ChildProcess.<anonymous> (/usr/local/lib/node_modules/npm/lib/utils/spawn.js:40:14)
14 verbose stack     at emitTwo (events.js:106:13)
14 verbose stack     at ChildProcess.emit (events.js:191:7)
14 verbose stack     at maybeClose (internal/child_process.js:877:16)
14 verbose stack     at Process.ChildProcess._handle.onexit (internal/child_process.js:226:5)
15 verbose pkgid liars-dice@1.0.0
16 verbose cwd /Users/adisivasankaran/Documents/Developer/experiments/liars-dice/spec/support
17 error Darwin 15.2.0
18 error argv "/usr/local/bin/node" "/usr/local/bin/npm" "run" "jasmine-node"
19 error node v6.9.1
20 error npm  v3.10.8
21 error code ELIFECYCLE
22 error liars-dice@1.0.0 jasmine-node: `jasmine-node --verbose spec`
22 error Exit status 1
23 error Failed at the liars-dice@1.0.0 jasmine-node script 'jasmine-node --verbose spec'.
23 error Make sure you have the latest version of node.js and npm installed.
23 error If you do, this is most likely a problem with the liars-dice package,
23 error not with npm itself.
23 error Tell the author that this fails on your system:
23 error     jasmine-node --verbose spec
23 error You can get information on how to open an issue for this project with:
23 error     npm bugs liars-dice
23 error Or if that isn't available, you can get their info via:
23 error     npm owner ls liars-dice
23 error There is likely additional logging output above.
24 verbose exit [ 1, true ]
